<?xml version="1.0" encoding="UTF-8"?>
<!-- Generated by org.testng.reporters.JUnitXMLReporter -->
<testsuite ignored="0" hostname="Gani_49" failures="0" tests="4" name="Test" time="39.742" errors="0" timestamp="2025-05-14T19:22:52 IST">
  <testcase classname="testCases.TC003_LoginDDT" name="verify_loginDDT" time="2.62"/>
  <testcase classname="testCases.TC003_LoginDDT" name="verify_loginDDT" time="11.456"/>
  <testcase classname="testCases.TC003_LoginDDT" name="verify_loginDDT" time="11.645"/>
  <testcase classname="testCases.TC003_LoginDDT" name="verify_loginDDT" time="2.704"/>
</testsuite> <!-- Test -->
