<?xml version="1.0" encoding="UTF-8"?>
<testng-results ignored="0" total="2" passed="2" failed="0" skipped="0">
  <reporter-output>
  </reporter-output>
  <suite started-at="2025-05-16T17:46:18 IST" name="Master Suite" finished-at="2025-05-16T17:46:32 IST" duration-ms="14238">
    <groups>
      <group name="Master">
        <method signature="TC001_AccountRegistartionTest.verify_account_registration()[pri:0, instance:testCases.TC001_AccountRegistartionTest@146dfe6]" name="verify_account_registration" class="testCases.TC001_AccountRegistartionTest"/>
        <method signature="TC002_Login_Test.verify_login()[pri:0, instance:testCases.TC002_Login_Test@6cce16f4]" name="verify_login" class="testCases.TC002_Login_Test"/>
      </group> <!-- Master -->
      <group name="Sanity">
        <method signature="TC002_Login_Test.verify_login()[pri:0, instance:testCases.TC002_Login_Test@6cce16f4]" name="verify_login" class="testCases.TC002_Login_Test"/>
      </group> <!-- Sanity -->
      <group name="Regression">
        <method signature="TC001_AccountRegistartionTest.verify_account_registration()[pri:0, instance:testCases.TC001_AccountRegistartionTest@146dfe6]" name="verify_account_registration" class="testCases.TC001_AccountRegistartionTest"/>
      </group> <!-- Regression -->
    </groups>
    <test started-at="2025-05-16T17:46:18 IST" name="Test" finished-at="2025-05-16T17:46:32 IST" duration-ms="14238">
      <class name="testCases.TC002_Login_Test">
        <test-method is-config="true" signature="setup(java.lang.String,java.lang.String)[pri:0, instance:testCases.TC002_Login_Test@6cce16f4]" started-at="2025-05-16T17:46:26 IST" name="setup" finished-at="2025-05-16T17:46:30 IST" duration-ms="3644" status="PASS">
          <params>
            <param index="0">
              <value>
                <![CDATA[Windows]]>
              </value>
            </param>
            <param index="1">
              <value>
                <![CDATA[chrome]]>
              </value>
            </param>
          </params>
          <reporter-output>
          </reporter-output>
        </test-method> <!-- setup -->
        <test-method signature="verify_login()[pri:0, instance:testCases.TC002_Login_Test@6cce16f4]" started-at="2025-05-16T17:46:30 IST" name="verify_login" finished-at="2025-05-16T17:46:32 IST" duration-ms="1950" status="PASS">
          <reporter-output>
          </reporter-output>
        </test-method> <!-- verify_login -->
        <test-method is-config="true" signature="tearDown()[pri:0, instance:testCases.TC002_Login_Test@6cce16f4]" started-at="2025-05-16T17:46:32 IST" name="tearDown" finished-at="2025-05-16T17:46:32 IST" duration-ms="183" status="PASS">
          <reporter-output>
          </reporter-output>
        </test-method> <!-- tearDown -->
      </class> <!-- testCases.TC002_Login_Test -->
      <class name="testCases.TC001_AccountRegistartionTest">
        <test-method is-config="true" signature="setup(java.lang.String,java.lang.String)[pri:0, instance:testCases.TC001_AccountRegistartionTest@146dfe6]" started-at="2025-05-16T17:46:18 IST" name="setup" finished-at="2025-05-16T17:46:22 IST" duration-ms="4342" status="PASS">
          <params>
            <param index="0">
              <value>
                <![CDATA[Windows]]>
              </value>
            </param>
            <param index="1">
              <value>
                <![CDATA[chrome]]>
              </value>
            </param>
          </params>
          <reporter-output>
          </reporter-output>
        </test-method> <!-- setup -->
        <test-method signature="verify_account_registration()[pri:0, instance:testCases.TC001_AccountRegistartionTest@146dfe6]" started-at="2025-05-16T17:46:22 IST" name="verify_account_registration" finished-at="2025-05-16T17:46:26 IST" duration-ms="3551" status="PASS">
          <reporter-output>
          </reporter-output>
        </test-method> <!-- verify_account_registration -->
        <test-method is-config="true" signature="tearDown()[pri:0, instance:testCases.TC001_AccountRegistartionTest@146dfe6]" started-at="2025-05-16T17:46:26 IST" name="tearDown" finished-at="2025-05-16T17:46:26 IST" duration-ms="231" status="PASS">
          <reporter-output>
          </reporter-output>
        </test-method> <!-- tearDown -->
      </class> <!-- testCases.TC001_AccountRegistartionTest -->
    </test> <!-- Test -->
  </suite> <!-- Master Suite -->
</testng-results>
